{"/Users/unai/Desktop/bootcamp/Backend/StackOverflow/controllers/googleSearchController.js": {"path":"/Users/unai/Desktop/bootcamp/Backend/StackOverflow/controllers/googleSearchController.js","statementMap":{"0":{"start":{"line":6,"column":25},"end":{"line":6,"column":50}},"1":{"start":{"line":7,"column":16},"end":{"line":7,"column":65}},"2":{"start":{"line":10,"column":20},"end":{"line":10,"column":33}},"3":{"start":{"line":11,"column":4},"end":{"line":11,"column":25}},"4":{"start":{"line":12,"column":17},"end":{"line":12,"column":50}},"5":{"start":{"line":15,"column":19},"end":{"line":15,"column":35}},"6":{"start":{"line":16,"column":18},"end":{"line":16,"column":35}},"7":{"start":{"line":17,"column":4},"end":{"line":17,"column":20}},"8":{"start":{"line":18,"column":4},"end":{"line":18,"column":17}}},"fnMap":{"0":{"name":"searchLinks","decl":{"start":{"line":5,"column":15},"end":{"line":5,"column":26}},"loc":{"start":{"line":5,"column":33},"end":{"line":19,"column":1}},"line":5}},"branchMap":{},"s":{"0":1,"1":1,"2":1,"3":1,"4":1,"5":1,"6":1,"7":1,"8":1},"f":{"0":1},"b":{},"_coverageSchema":"1a1c01bbd47fc00a2c39e90264f33305004495a9","hash":"185a0159c36482f574356846c3cb82073ca76406"}
,"/Users/unai/Desktop/bootcamp/Backend/StackOverflow/utils/parser.js": {"path":"/Users/unai/Desktop/bootcamp/Backend/StackOverflow/utils/parser.js","statementMap":{"0":{"start":{"line":19,"column":8},"end":{"line":19,"column":25}},"1":{"start":{"line":20,"column":8},"end":{"line":20,"column":28}},"2":{"start":{"line":29,"column":22},"end":{"line":29,"column":33}},"3":{"start":{"line":30,"column":20},"end":{"line":30,"column":40}},"4":{"start":{"line":31,"column":8},"end":{"line":31,"column":44}},"5":{"start":{"line":41,"column":8},"end":{"line":41,"column":68}},"6":{"start":{"line":50,"column":23},"end":{"line":50,"column":74}},"7":{"start":{"line":51,"column":8},"end":{"line":51,"column":31}},"8":{"start":{"line":60,"column":21},"end":{"line":60,"column":93}},"9":{"start":{"line":61,"column":8},"end":{"line":61,"column":22}},"10":{"start":{"line":70,"column":21},"end":{"line":70,"column":87}},"11":{"start":{"line":71,"column":8},"end":{"line":71,"column":22}},"12":{"start":{"line":74,"column":8},"end":{"line":74,"column":56}},"13":{"start":{"line":83,"column":22},"end":{"line":83,"column":53}},"14":{"start":{"line":84,"column":25},"end":{"line":84,"column":48}},"15":{"start":{"line":85,"column":22},"end":{"line":85,"column":52}},"16":{"start":{"line":86,"column":21},"end":{"line":86,"column":55}},"17":{"start":{"line":87,"column":21},"end":{"line":87,"column":51}},"18":{"start":{"line":88,"column":8},"end":{"line":94,"column":9}},"19":{"start":{"line":100,"column":4},"end":{"line":100,"column":65}},"20":{"start":{"line":109,"column":20},"end":{"line":109,"column":42}},"21":{"start":{"line":110,"column":4},"end":{"line":119,"column":7}},"22":{"start":{"line":111,"column":22},"end":{"line":111,"column":48}},"23":{"start":{"line":112,"column":21},"end":{"line":112,"column":51}},"24":{"start":{"line":113,"column":21},"end":{"line":113,"column":48}},"25":{"start":{"line":114,"column":8},"end":{"line":118,"column":9}},"26":{"start":{"line":129,"column":22},"end":{"line":129,"column":97}},"27":{"start":{"line":130,"column":8},"end":{"line":131,"column":22}},"28":{"start":{"line":131,"column":12},"end":{"line":131,"column":22}},"29":{"start":{"line":132,"column":8},"end":{"line":134,"column":9}},"30":{"start":{"line":133,"column":8},"end":{"line":133,"column":36}},"31":{"start":{"line":135,"column":8},"end":{"line":135,"column":50}},"32":{"start":{"line":144,"column":23},"end":{"line":144,"column":74}},"33":{"start":{"line":145,"column":8},"end":{"line":145,"column":31}},"34":{"start":{"line":155,"column":22},"end":{"line":155,"column":85}},"35":{"start":{"line":156,"column":8},"end":{"line":157,"column":22}},"36":{"start":{"line":157,"column":12},"end":{"line":157,"column":22}},"37":{"start":{"line":158,"column":8},"end":{"line":160,"column":9}},"38":{"start":{"line":159,"column":8},"end":{"line":159,"column":36}},"39":{"start":{"line":161,"column":8},"end":{"line":161,"column":50}},"40":{"start":{"line":176,"column":18},"end":{"line":176,"column":65}},"41":{"start":{"line":177,"column":3},"end":{"line":177,"column":59}},"42":{"start":{"line":177,"column":29},"end":{"line":177,"column":57}}},"fnMap":{"0":{"name":"(anonymous_0)","decl":{"start":{"line":14,"column":4},"end":{"line":14,"column":5}},"loc":{"start":{"line":14,"column":21},"end":{"line":21,"column":5}},"line":14},"1":{"name":"(anonymous_1)","decl":{"start":{"line":28,"column":4},"end":{"line":28,"column":5}},"loc":{"start":{"line":28,"column":19},"end":{"line":32,"column":5}},"line":28},"2":{"name":"(anonymous_2)","decl":{"start":{"line":40,"column":4},"end":{"line":40,"column":5}},"loc":{"start":{"line":40,"column":23},"end":{"line":42,"column":5}},"line":40},"3":{"name":"(anonymous_3)","decl":{"start":{"line":49,"column":4},"end":{"line":49,"column":5}},"loc":{"start":{"line":49,"column":28},"end":{"line":52,"column":5}},"line":49},"4":{"name":"(anonymous_4)","decl":{"start":{"line":59,"column":4},"end":{"line":59,"column":5}},"loc":{"start":{"line":59,"column":32},"end":{"line":62,"column":5}},"line":59},"5":{"name":"(anonymous_5)","decl":{"start":{"line":69,"column":4},"end":{"line":69,"column":5}},"loc":{"start":{"line":69,"column":28},"end":{"line":72,"column":5}},"line":69},"6":{"name":"(anonymous_6)","decl":{"start":{"line":73,"column":4},"end":{"line":73,"column":5}},"loc":{"start":{"line":73,"column":22},"end":{"line":75,"column":5}},"line":73},"7":{"name":"(anonymous_7)","decl":{"start":{"line":82,"column":3},"end":{"line":82,"column":4}},"loc":{"start":{"line":82,"column":16},"end":{"line":95,"column":5}},"line":82},"8":{"name":"(anonymous_8)","decl":{"start":{"line":99,"column":0},"end":{"line":99,"column":1}},"loc":{"start":{"line":99,"column":17},"end":{"line":101,"column":1}},"line":99},"9":{"name":"(anonymous_9)","decl":{"start":{"line":108,"column":0},"end":{"line":108,"column":1}},"loc":{"start":{"line":108,"column":12},"end":{"line":120,"column":1}},"line":108},"10":{"name":"(anonymous_10)","decl":{"start":{"line":110,"column":23},"end":{"line":110,"column":24}},"loc":{"start":{"line":110,"column":35},"end":{"line":119,"column":5}},"line":110},"11":{"name":"(anonymous_11)","decl":{"start":{"line":128,"column":4},"end":{"line":128,"column":5}},"loc":{"start":{"line":128,"column":30},"end":{"line":136,"column":5}},"line":128},"12":{"name":"(anonymous_12)","decl":{"start":{"line":143,"column":4},"end":{"line":143,"column":5}},"loc":{"start":{"line":143,"column":26},"end":{"line":146,"column":5}},"line":143},"13":{"name":"(anonymous_13)","decl":{"start":{"line":154,"column":4},"end":{"line":154,"column":5}},"loc":{"start":{"line":154,"column":26},"end":{"line":162,"column":5}},"line":154},"14":{"name":"(anonymous_14)","decl":{"start":{"line":175,"column":0},"end":{"line":175,"column":1}},"loc":{"start":{"line":175,"column":10},"end":{"line":178,"column":4}},"line":175},"15":{"name":"(anonymous_15)","decl":{"start":{"line":177,"column":20},"end":{"line":177,"column":21}},"loc":{"start":{"line":177,"column":29},"end":{"line":177,"column":57}},"line":177}},"branchMap":{"0":{"loc":{"start":{"line":130,"column":8},"end":{"line":131,"column":22}},"type":"if","locations":[{"start":{"line":130,"column":8},"end":{"line":131,"column":22}},{"start":{},"end":{}}],"line":130},"1":{"loc":{"start":{"line":132,"column":8},"end":{"line":134,"column":9}},"type":"if","locations":[{"start":{"line":132,"column":8},"end":{"line":134,"column":9}},{"start":{},"end":{}}],"line":132},"2":{"loc":{"start":{"line":156,"column":8},"end":{"line":157,"column":22}},"type":"if","locations":[{"start":{"line":156,"column":8},"end":{"line":157,"column":22}},{"start":{},"end":{}}],"line":156},"3":{"loc":{"start":{"line":158,"column":8},"end":{"line":160,"column":9}},"type":"if","locations":[{"start":{"line":158,"column":8},"end":{"line":160,"column":9}},{"start":{},"end":{}}],"line":158}},"s":{"0":2,"1":2,"2":2,"3":2,"4":2,"5":1,"6":1,"7":1,"8":1,"9":1,"10":1,"11":1,"12":4,"13":0,"14":0,"15":0,"16":0,"17":0,"18":0,"19":4,"20":0,"21":0,"22":0,"23":0,"24":0,"25":0,"26":1,"27":1,"28":0,"29":1,"30":0,"31":1,"32":1,"33":1,"34":1,"35":1,"36":0,"37":1,"38":1,"39":0,"40":1,"41":1,"42":105},"f":{"0":2,"1":2,"2":1,"3":1,"4":1,"5":1,"6":4,"7":0,"8":4,"9":0,"10":0,"11":1,"12":1,"13":1,"14":1,"15":105},"b":{"0":[0,1],"1":[0,1],"2":[0,1],"3":[1,0]},"_coverageSchema":"1a1c01bbd47fc00a2c39e90264f33305004495a9","hash":"169564b142f618e6ede82b5ba7e82fd216c9b562"}
,"/Users/unai/Desktop/bootcamp/Backend/StackOverflow/utils/scraper.js": {"path":"/Users/unai/Desktop/bootcamp/Backend/StackOverflow/utils/scraper.js","statementMap":{"0":{"start":{"line":5,"column":8},"end":{"line":5,"column":28}},"1":{"start":{"line":6,"column":8},"end":{"line":6,"column":25}},"2":{"start":{"line":9,"column":8},"end":{"line":13,"column":11}},"3":{"start":{"line":14,"column":8},"end":{"line":14,"column":49}},"4":{"start":{"line":17,"column":8},"end":{"line":17,"column":34}},"5":{"start":{"line":18,"column":8},"end":{"line":18,"column":41}},"6":{"start":{"line":21,"column":8},"end":{"line":21,"column":35}}},"fnMap":{"0":{"name":"(anonymous_0)","decl":{"start":{"line":4,"column":4},"end":{"line":4,"column":5}},"loc":{"start":{"line":4,"column":18},"end":{"line":7,"column":5}},"line":4},"1":{"name":"(anonymous_1)","decl":{"start":{"line":8,"column":4},"end":{"line":8,"column":5}},"loc":{"start":{"line":8,"column":16},"end":{"line":15,"column":5}},"line":8},"2":{"name":"(anonymous_2)","decl":{"start":{"line":16,"column":4},"end":{"line":16,"column":5}},"loc":{"start":{"line":16,"column":29},"end":{"line":19,"column":5}},"line":16},"3":{"name":"(anonymous_3)","decl":{"start":{"line":20,"column":4},"end":{"line":20,"column":5}},"loc":{"start":{"line":20,"column":17},"end":{"line":22,"column":5}},"line":20}},"branchMap":{},"s":{"0":1,"1":1,"2":1,"3":1,"4":1,"5":1,"6":1},"f":{"0":1,"1":1,"2":1,"3":1},"b":{},"_coverageSchema":"1a1c01bbd47fc00a2c39e90264f33305004495a9","hash":"9ef06b1756e942e02bb561b9e17177d2182d4faf"}
}
