{"/usr/src/app/controllers/googleSearchController.js": {"path":"/usr/src/app/controllers/googleSearchController.js","statementMap":{"0":{"start":{"line":12,"column":20},"end":{"line":12,"column":33}},"1":{"start":{"line":13,"column":4},"end":{"line":13,"column":25}},"2":{"start":{"line":15,"column":25},"end":{"line":15,"column":50}},"3":{"start":{"line":16,"column":16},"end":{"line":16,"column":65}},"4":{"start":{"line":18,"column":17},"end":{"line":18,"column":50}},"5":{"start":{"line":21,"column":19},"end":{"line":21,"column":35}},"6":{"start":{"line":22,"column":18},"end":{"line":22,"column":35}},"7":{"start":{"line":24,"column":4},"end":{"line":24,"column":20}},"8":{"start":{"line":25,"column":4},"end":{"line":25,"column":17}}},"fnMap":{"0":{"name":"searchLinks","decl":{"start":{"line":10,"column":15},"end":{"line":10,"column":26}},"loc":{"start":{"line":10,"column":33},"end":{"line":26,"column":1}},"line":10}},"branchMap":{},"s":{"0":2,"1":2,"2":0,"3":0,"4":0,"5":0,"6":0,"7":0,"8":0},"f":{"0":2},"b":{},"_coverageSchema":"1a1c01bbd47fc00a2c39e90264f33305004495a9","hash":"954d7a9c8dfb783d6baa2759bafff5780348d16f"}
,"/usr/src/app/controllers/stackoverflowController.js": {"path":"/usr/src/app/controllers/stackoverflowController.js","statementMap":{"0":{"start":{"line":13,"column":24},"end":{"line":13,"column":91}},"1":{"start":{"line":14,"column":16},"end":{"line":14,"column":87}},"2":{"start":{"line":14,"column":43},"end":{"line":14,"column":86}},"3":{"start":{"line":15,"column":4},"end":{"line":15,"column":21}},"4":{"start":{"line":16,"column":20},"end":{"line":16,"column":33}},"5":{"start":{"line":17,"column":4},"end":{"line":17,"column":25}},"6":{"start":{"line":18,"column":17},"end":{"line":18,"column":50}},"7":{"start":{"line":19,"column":19},"end":{"line":19,"column":35}},"8":{"start":{"line":20,"column":4},"end":{"line":20,"column":35}},"9":{"start":{"line":20,"column":16},"end":{"line":20,"column":35}},"10":{"start":{"line":21,"column":18},"end":{"line":21,"column":43}},"11":{"start":{"line":22,"column":21},"end":{"line":22,"column":41}},"12":{"start":{"line":23,"column":20},"end":{"line":23,"column":39}},"13":{"start":{"line":27,"column":26},"end":{"line":34,"column":6}},"14":{"start":{"line":36,"column":4},"end":{"line":36,"column":31}},"15":{"start":{"line":38,"column":4},"end":{"line":52,"column":3}},"16":{"start":{"line":39,"column":23},"end":{"line":50,"column":6}},"17":{"start":{"line":51,"column":4},"end":{"line":51,"column":29}},"18":{"start":{"line":56,"column":4},"end":{"line":56,"column":20}},"19":{"start":{"line":57,"column":4},"end":{"line":63,"column":5}}},"fnMap":{"0":{"name":"getContent","decl":{"start":{"line":12,"column":15},"end":{"line":12,"column":25}},"loc":{"start":{"line":12,"column":32},"end":{"line":66,"column":1}},"line":12},"1":{"name":"(anonymous_1)","decl":{"start":{"line":14,"column":33},"end":{"line":14,"column":34}},"loc":{"start":{"line":14,"column":43},"end":{"line":14,"column":86}},"line":14},"2":{"name":"(anonymous_2)","decl":{"start":{"line":38,"column":20},"end":{"line":38,"column":21}},"loc":{"start":{"line":38,"column":38},"end":{"line":52,"column":1}},"line":38}},"branchMap":{"0":{"loc":{"start":{"line":20,"column":4},"end":{"line":20,"column":35}},"type":"if","locations":[{"start":{"line":20,"column":4},"end":{"line":20,"column":35}},{"start":{},"end":{}}],"line":20}},"s":{"0":1,"1":0,"2":0,"3":0,"4":0,"5":0,"6":0,"7":0,"8":0,"9":0,"10":0,"11":0,"12":0,"13":0,"14":0,"15":0,"16":0,"17":0,"18":0,"19":0},"f":{"0":1,"1":0,"2":0},"b":{"0":[0,0]},"_coverageSchema":"1a1c01bbd47fc00a2c39e90264f33305004495a9","hash":"68db1595cfaaf98060376d4922214516d5b7a390"}
,"/usr/src/app/models/answer.js": {"path":"/usr/src/app/models/answer.js","statementMap":{"0":{"start":{"line":20,"column":21},"end":{"line":43,"column":2}},"1":{"start":{"line":50,"column":15},"end":{"line":50,"column":53}}},"fnMap":{},"branchMap":{},"s":{"0":1,"1":1},"f":{},"b":{},"_coverageSchema":"1a1c01bbd47fc00a2c39e90264f33305004495a9","hash":"cc02217cdc11a754d20cf00fe59da7db9b95b5bf"}
,"/usr/src/app/models/question.js": {"path":"/usr/src/app/models/question.js","statementMap":{"0":{"start":{"line":22,"column":23},"end":{"line":47,"column":2}},"1":{"start":{"line":54,"column":17},"end":{"line":54,"column":59}}},"fnMap":{},"branchMap":{},"s":{"0":1,"1":1},"f":{},"b":{},"_coverageSchema":"1a1c01bbd47fc00a2c39e90264f33305004495a9","hash":"6f5ca47fd61fbd292805158c9596f8b9d9d78150"}
,"/usr/src/app/utils/mongoose.js": {"path":"/usr/src/app/utils/mongoose.js","statementMap":{"0":{"start":{"line":8,"column":13},"end":{"line":8,"column":24}},"1":{"start":{"line":9,"column":13},"end":{"line":9,"column":44}},"2":{"start":{"line":10,"column":11},"end":{"line":10,"column":42}},"3":{"start":{"line":11,"column":20},"end":{"line":11,"column":53}},"4":{"start":{"line":21,"column":0},"end":{"line":26,"column":77}},"5":{"start":{"line":25,"column":14},"end":{"line":25,"column":55}},"6":{"start":{"line":26,"column":20},"end":{"line":26,"column":75}}},"fnMap":{"0":{"name":"(anonymous_0)","decl":{"start":{"line":25,"column":8},"end":{"line":25,"column":9}},"loc":{"start":{"line":25,"column":14},"end":{"line":25,"column":55}},"line":25},"1":{"name":"(anonymous_1)","decl":{"start":{"line":26,"column":9},"end":{"line":26,"column":10}},"loc":{"start":{"line":26,"column":20},"end":{"line":26,"column":75}},"line":26}},"branchMap":{"0":{"loc":{"start":{"line":9,"column":13},"end":{"line":9,"column":44}},"type":"binary-expr","locations":[{"start":{"line":9,"column":13},"end":{"line":9,"column":35}},{"start":{"line":9,"column":39},"end":{"line":9,"column":44}}],"line":9},"1":{"loc":{"start":{"line":10,"column":11},"end":{"line":10,"column":42}},"type":"binary-expr","locations":[{"start":{"line":10,"column":11},"end":{"line":10,"column":31}},{"start":{"line":10,"column":35},"end":{"line":10,"column":42}}],"line":10}},"s":{"0":1,"1":1,"2":1,"3":1,"4":1,"5":0,"6":0},"f":{"0":0,"1":0},"b":{"0":[1,1],"1":[1,1]},"_coverageSchema":"1a1c01bbd47fc00a2c39e90264f33305004495a9","hash":"06cb946f8b8553a4861604c05aa2c07b85a61d6e"}
,"/usr/src/app/utils/parser.js": {"path":"/usr/src/app/utils/parser.js","statementMap":{"0":{"start":{"line":19,"column":8},"end":{"line":19,"column":25}},"1":{"start":{"line":20,"column":8},"end":{"line":20,"column":28}},"2":{"start":{"line":29,"column":22},"end":{"line":29,"column":33}},"3":{"start":{"line":30,"column":20},"end":{"line":30,"column":40}},"4":{"start":{"line":31,"column":8},"end":{"line":31,"column":44}},"5":{"start":{"line":43,"column":4},"end":{"line":43,"column":52}},"6":{"start":{"line":57,"column":21},"end":{"line":57,"column":44}},"7":{"start":{"line":58,"column":18},"end":{"line":58,"column":49}},"8":{"start":{"line":59,"column":18},"end":{"line":59,"column":48}},"9":{"start":{"line":60,"column":17},"end":{"line":60,"column":51}},"10":{"start":{"line":61,"column":17},"end":{"line":61,"column":47}},"11":{"start":{"line":62,"column":4},"end":{"line":68,"column":5}},"12":{"start":{"line":78,"column":8},"end":{"line":78,"column":68}},"13":{"start":{"line":88,"column":23},"end":{"line":88,"column":74}},"14":{"start":{"line":89,"column":8},"end":{"line":89,"column":31}},"15":{"start":{"line":99,"column":21},"end":{"line":99,"column":93}},"16":{"start":{"line":100,"column":8},"end":{"line":100,"column":22}},"17":{"start":{"line":110,"column":21},"end":{"line":110,"column":87}},"18":{"start":{"line":111,"column":8},"end":{"line":111,"column":22}},"19":{"start":{"line":124,"column":4},"end":{"line":124,"column":65}},"20":{"start":{"line":133,"column":20},"end":{"line":133,"column":42}},"21":{"start":{"line":134,"column":4},"end":{"line":144,"column":7}},"22":{"start":{"line":135,"column":22},"end":{"line":135,"column":48}},"23":{"start":{"line":136,"column":21},"end":{"line":136,"column":51}},"24":{"start":{"line":137,"column":21},"end":{"line":137,"column":47}},"25":{"start":{"line":138,"column":8},"end":{"line":143,"column":9}},"26":{"start":{"line":159,"column":22},"end":{"line":159,"column":97}},"27":{"start":{"line":160,"column":8},"end":{"line":161,"column":22}},"28":{"start":{"line":161,"column":12},"end":{"line":161,"column":22}},"29":{"start":{"line":162,"column":8},"end":{"line":164,"column":9}},"30":{"start":{"line":163,"column":8},"end":{"line":163,"column":36}},"31":{"start":{"line":165,"column":8},"end":{"line":165,"column":50}},"32":{"start":{"line":175,"column":23},"end":{"line":175,"column":74}},"33":{"start":{"line":176,"column":8},"end":{"line":176,"column":31}},"34":{"start":{"line":191,"column":22},"end":{"line":191,"column":85}},"35":{"start":{"line":192,"column":8},"end":{"line":193,"column":22}},"36":{"start":{"line":193,"column":12},"end":{"line":193,"column":22}},"37":{"start":{"line":194,"column":8},"end":{"line":196,"column":9}},"38":{"start":{"line":195,"column":8},"end":{"line":195,"column":36}},"39":{"start":{"line":197,"column":8},"end":{"line":197,"column":50}},"40":{"start":{"line":213,"column":18},"end":{"line":213,"column":73}},"41":{"start":{"line":214,"column":3},"end":{"line":214,"column":59}},"42":{"start":{"line":214,"column":29},"end":{"line":214,"column":57}}},"fnMap":{"0":{"name":"(anonymous_0)","decl":{"start":{"line":14,"column":4},"end":{"line":14,"column":5}},"loc":{"start":{"line":14,"column":21},"end":{"line":21,"column":5}},"line":14},"1":{"name":"(anonymous_1)","decl":{"start":{"line":28,"column":4},"end":{"line":28,"column":5}},"loc":{"start":{"line":28,"column":19},"end":{"line":32,"column":5}},"line":28},"2":{"name":"(anonymous_2)","decl":{"start":{"line":42,"column":0},"end":{"line":42,"column":1}},"loc":{"start":{"line":42,"column":18},"end":{"line":44,"column":1}},"line":42},"3":{"name":"(anonymous_3)","decl":{"start":{"line":56,"column":0},"end":{"line":56,"column":1}},"loc":{"start":{"line":56,"column":13},"end":{"line":69,"column":1}},"line":56},"4":{"name":"(anonymous_4)","decl":{"start":{"line":77,"column":4},"end":{"line":77,"column":5}},"loc":{"start":{"line":77,"column":23},"end":{"line":79,"column":5}},"line":77},"5":{"name":"(anonymous_5)","decl":{"start":{"line":87,"column":4},"end":{"line":87,"column":5}},"loc":{"start":{"line":87,"column":28},"end":{"line":90,"column":5}},"line":87},"6":{"name":"(anonymous_6)","decl":{"start":{"line":98,"column":4},"end":{"line":98,"column":5}},"loc":{"start":{"line":98,"column":32},"end":{"line":101,"column":5}},"line":98},"7":{"name":"(anonymous_7)","decl":{"start":{"line":109,"column":4},"end":{"line":109,"column":5}},"loc":{"start":{"line":109,"column":28},"end":{"line":112,"column":5}},"line":109},"8":{"name":"(anonymous_8)","decl":{"start":{"line":123,"column":0},"end":{"line":123,"column":1}},"loc":{"start":{"line":123,"column":17},"end":{"line":125,"column":1}},"line":123},"9":{"name":"(anonymous_9)","decl":{"start":{"line":132,"column":0},"end":{"line":132,"column":1}},"loc":{"start":{"line":132,"column":12},"end":{"line":145,"column":1}},"line":132},"10":{"name":"(anonymous_10)","decl":{"start":{"line":134,"column":23},"end":{"line":134,"column":24}},"loc":{"start":{"line":134,"column":35},"end":{"line":144,"column":5}},"line":134},"11":{"name":"(anonymous_11)","decl":{"start":{"line":158,"column":4},"end":{"line":158,"column":5}},"loc":{"start":{"line":158,"column":30},"end":{"line":166,"column":5}},"line":158},"12":{"name":"(anonymous_12)","decl":{"start":{"line":174,"column":4},"end":{"line":174,"column":5}},"loc":{"start":{"line":174,"column":26},"end":{"line":177,"column":5}},"line":174},"13":{"name":"(anonymous_13)","decl":{"start":{"line":190,"column":4},"end":{"line":190,"column":5}},"loc":{"start":{"line":190,"column":26},"end":{"line":198,"column":5}},"line":190},"14":{"name":"(anonymous_14)","decl":{"start":{"line":212,"column":0},"end":{"line":212,"column":1}},"loc":{"start":{"line":212,"column":10},"end":{"line":215,"column":4}},"line":212},"15":{"name":"(anonymous_15)","decl":{"start":{"line":214,"column":20},"end":{"line":214,"column":21}},"loc":{"start":{"line":214,"column":29},"end":{"line":214,"column":57}},"line":214}},"branchMap":{"0":{"loc":{"start":{"line":160,"column":8},"end":{"line":161,"column":22}},"type":"if","locations":[{"start":{"line":160,"column":8},"end":{"line":161,"column":22}},{"start":{},"end":{}}],"line":160},"1":{"loc":{"start":{"line":162,"column":8},"end":{"line":164,"column":9}},"type":"if","locations":[{"start":{"line":162,"column":8},"end":{"line":164,"column":9}},{"start":{},"end":{}}],"line":162},"2":{"loc":{"start":{"line":192,"column":8},"end":{"line":193,"column":22}},"type":"if","locations":[{"start":{"line":192,"column":8},"end":{"line":193,"column":22}},{"start":{},"end":{}}],"line":192},"3":{"loc":{"start":{"line":194,"column":8},"end":{"line":196,"column":9}},"type":"if","locations":[{"start":{"line":194,"column":8},"end":{"line":196,"column":9}},{"start":{},"end":{}}],"line":194}},"s":{"0":1,"1":1,"2":1,"3":1,"4":1,"5":4,"6":0,"7":0,"8":0,"9":0,"10":0,"11":0,"12":1,"13":1,"14":1,"15":1,"16":1,"17":1,"18":1,"19":4,"20":0,"21":0,"22":0,"23":0,"24":0,"25":0,"26":1,"27":1,"28":0,"29":1,"30":0,"31":1,"32":1,"33":1,"34":1,"35":1,"36":0,"37":1,"38":1,"39":0,"40":0,"41":0,"42":0},"f":{"0":1,"1":1,"2":4,"3":0,"4":1,"5":1,"6":1,"7":1,"8":4,"9":0,"10":0,"11":1,"12":1,"13":1,"14":0,"15":0},"b":{"0":[0,1],"1":[0,1],"2":[0,1],"3":[1,0]},"_coverageSchema":"1a1c01bbd47fc00a2c39e90264f33305004495a9","hash":"519bb2c915a5032511dfe689e83701bacc23a31a"}
,"/usr/src/app/utils/scraper.js": {"path":"/usr/src/app/utils/scraper.js","statementMap":{"0":{"start":{"line":14,"column":8},"end":{"line":14,"column":28}},"1":{"start":{"line":15,"column":8},"end":{"line":15,"column":25}},"2":{"start":{"line":23,"column":8},"end":{"line":27,"column":11}},"3":{"start":{"line":28,"column":8},"end":{"line":28,"column":49}},"4":{"start":{"line":38,"column":8},"end":{"line":38,"column":34}},"5":{"start":{"line":39,"column":8},"end":{"line":39,"column":41}},"6":{"start":{"line":47,"column":8},"end":{"line":47,"column":35}}},"fnMap":{"0":{"name":"(anonymous_0)","decl":{"start":{"line":13,"column":4},"end":{"line":13,"column":5}},"loc":{"start":{"line":13,"column":18},"end":{"line":16,"column":5}},"line":13},"1":{"name":"(anonymous_1)","decl":{"start":{"line":22,"column":4},"end":{"line":22,"column":5}},"loc":{"start":{"line":22,"column":16},"end":{"line":29,"column":5}},"line":22},"2":{"name":"(anonymous_2)","decl":{"start":{"line":37,"column":4},"end":{"line":37,"column":5}},"loc":{"start":{"line":37,"column":29},"end":{"line":40,"column":5}},"line":37},"3":{"name":"(anonymous_3)","decl":{"start":{"line":46,"column":4},"end":{"line":46,"column":5}},"loc":{"start":{"line":46,"column":17},"end":{"line":48,"column":5}},"line":46}},"branchMap":{},"s":{"0":2,"1":2,"2":2,"3":0,"4":0,"5":0,"6":0},"f":{"0":2,"1":2,"2":0,"3":0},"b":{},"_coverageSchema":"1a1c01bbd47fc00a2c39e90264f33305004495a9","hash":"819630023100dd5c81a46897bf2ece037c900963"}
}
