TN:
SF:controllers/googleSearchController.js
FN:10,searchLinks
FNF:1
FNH:1
FNDA:2,searchLinks
DA:12,2
DA:13,2
DA:15,0
DA:16,0
DA:18,0
DA:21,0
DA:22,0
DA:24,0
DA:25,0
LF:9
LH:2
BRF:0
BRH:0
end_of_record
TN:
SF:controllers/stackoverflowController.js
FN:12,getContent
FN:14,(anonymous_1)
FN:38,(anonymous_2)
FNF:3
FNH:1
FNDA:1,getContent
FNDA:0,(anonymous_1)
FNDA:0,(anonymous_2)
DA:13,1
DA:14,0
DA:15,0
DA:16,0
DA:17,0
DA:18,0
DA:19,0
DA:20,0
DA:21,0
DA:22,0
DA:23,0
DA:27,0
DA:36,0
DA:38,0
DA:39,0
DA:51,0
DA:56,0
DA:57,0
LF:18
LH:1
BRDA:20,0,0,0
BRDA:20,0,1,0
BRF:2
BRH:0
end_of_record
TN:
SF:models/answer.js
FNF:0
FNH:0
DA:20,1
DA:50,1
LF:2
LH:2
BRF:0
BRH:0
end_of_record
TN:
SF:models/question.js
FNF:0
FNH:0
DA:22,1
DA:54,1
LF:2
LH:2
BRF:0
BRH:0
end_of_record
TN:
SF:utils/mongoose.js
FN:25,(anonymous_0)
FN:26,(anonymous_1)
FNF:2
FNH:0
FNDA:0,(anonymous_0)
FNDA:0,(anonymous_1)
DA:8,1
DA:9,1
DA:10,1
DA:11,1
DA:21,1
DA:25,0
DA:26,0
LF:7
LH:5
BRDA:9,0,0,1
BRDA:9,0,1,1
BRDA:10,1,0,1
BRDA:10,1,1,1
BRF:4
BRH:4
end_of_record
TN:
SF:utils/parser.js
FN:14,(anonymous_0)
FN:28,(anonymous_1)
FN:42,(anonymous_2)
FN:56,(anonymous_3)
FN:77,(anonymous_4)
FN:87,(anonymous_5)
FN:98,(anonymous_6)
FN:109,(anonymous_7)
FN:123,(anonymous_8)
FN:132,(anonymous_9)
FN:134,(anonymous_10)
FN:158,(anonymous_11)
FN:174,(anonymous_12)
FN:190,(anonymous_13)
FN:212,(anonymous_14)
FN:214,(anonymous_15)
FNF:16
FNH:11
FNDA:1,(anonymous_0)
FNDA:1,(anonymous_1)
FNDA:4,(anonymous_2)
FNDA:0,(anonymous_3)
FNDA:1,(anonymous_4)
FNDA:1,(anonymous_5)
FNDA:1,(anonymous_6)
FNDA:1,(anonymous_7)
FNDA:4,(anonymous_8)
FNDA:0,(anonymous_9)
FNDA:0,(anonymous_10)
FNDA:1,(anonymous_11)
FNDA:1,(anonymous_12)
FNDA:1,(anonymous_13)
FNDA:0,(anonymous_14)
FNDA:0,(anonymous_15)
DA:19,1
DA:20,1
DA:29,1
DA:30,1
DA:31,1
DA:43,4
DA:57,0
DA:58,0
DA:59,0
DA:60,0
DA:61,0
DA:62,0
DA:78,1
DA:88,1
DA:89,1
DA:99,1
DA:100,1
DA:110,1
DA:111,1
DA:124,4
DA:133,0
DA:134,0
DA:135,0
DA:136,0
DA:137,0
DA:138,0
DA:159,1
DA:160,1
DA:161,0
DA:162,1
DA:163,0
DA:165,1
DA:175,1
DA:176,1
DA:191,1
DA:192,1
DA:193,0
DA:194,1
DA:195,1
DA:197,0
DA:213,0
DA:214,0
LF:42
LH:24
BRDA:160,0,0,0
BRDA:160,0,1,1
BRDA:162,1,0,0
BRDA:162,1,1,1
BRDA:192,2,0,0
BRDA:192,2,1,1
BRDA:194,3,0,1
BRDA:194,3,1,0
BRF:8
BRH:4
end_of_record
TN:
SF:utils/scraper.js
FN:13,(anonymous_0)
FN:22,(anonymous_1)
FN:37,(anonymous_2)
FN:46,(anonymous_3)
FNF:4
FNH:2
FNDA:2,(anonymous_0)
FNDA:2,(anonymous_1)
FNDA:0,(anonymous_2)
FNDA:0,(anonymous_3)
DA:14,2
DA:15,2
DA:23,2
DA:28,0
DA:38,0
DA:39,0
DA:47,0
LF:7
LH:3
BRF:0
BRH:0
end_of_record
