TN:
SF:controllers/googleSearchController.js
FN:5,searchLinks
FNF:1
FNH:1
FNDA:1,searchLinks
DA:6,1
DA:7,1
DA:10,1
DA:11,1
DA:12,1
DA:15,1
DA:16,1
DA:17,1
DA:18,1
LF:9
LH:9
BRF:0
BRH:0
end_of_record
TN:
SF:utils/parser.js
FN:14,(anonymous_0)
FN:28,(anonymous_1)
FN:40,(anonymous_2)
FN:49,(anonymous_3)
FN:59,(anonymous_4)
FN:69,(anonymous_5)
FN:73,(anonymous_6)
FN:82,(anonymous_7)
FN:99,(anonymous_8)
FN:108,(anonymous_9)
FN:110,(anonymous_10)
FN:128,(anonymous_11)
FN:143,(anonymous_12)
FN:154,(anonymous_13)
FN:175,(anonymous_14)
FN:177,(anonymous_15)
FNF:16
FNH:13
FNDA:2,(anonymous_0)
FNDA:2,(anonymous_1)
FNDA:1,(anonymous_2)
FNDA:1,(anonymous_3)
FNDA:1,(anonymous_4)
FNDA:1,(anonymous_5)
FNDA:4,(anonymous_6)
FNDA:0,(anonymous_7)
FNDA:4,(anonymous_8)
FNDA:0,(anonymous_9)
FNDA:0,(anonymous_10)
FNDA:1,(anonymous_11)
FNDA:1,(anonymous_12)
FNDA:1,(anonymous_13)
FNDA:1,(anonymous_14)
FNDA:105,(anonymous_15)
DA:19,2
DA:20,2
DA:29,2
DA:30,2
DA:31,2
DA:41,1
DA:50,1
DA:51,1
DA:60,1
DA:61,1
DA:70,1
DA:71,1
DA:74,4
DA:83,0
DA:84,0
DA:85,0
DA:86,0
DA:87,0
DA:88,0
DA:100,4
DA:109,0
DA:110,0
DA:111,0
DA:112,0
DA:113,0
DA:114,0
DA:129,1
DA:130,1
DA:131,0
DA:132,1
DA:133,0
DA:135,1
DA:144,1
DA:145,1
DA:155,1
DA:156,1
DA:157,0
DA:158,1
DA:159,1
DA:161,0
DA:176,1
DA:177,105
LF:42
LH:26
BRDA:130,0,0,0
BRDA:130,0,1,1
BRDA:132,1,0,0
BRDA:132,1,1,1
BRDA:156,2,0,0
BRDA:156,2,1,1
BRDA:158,3,0,1
BRDA:158,3,1,0
BRF:8
BRH:4
end_of_record
TN:
SF:utils/scraper.js
FN:4,(anonymous_0)
FN:8,(anonymous_1)
FN:16,(anonymous_2)
FN:20,(anonymous_3)
FNF:4
FNH:4
FNDA:1,(anonymous_0)
FNDA:1,(anonymous_1)
FNDA:1,(anonymous_2)
FNDA:1,(anonymous_3)
DA:5,1
DA:6,1
DA:9,1
DA:14,1
DA:17,1
DA:18,1
DA:21,1
LF:7
LH:7
BRF:0
BRH:0
end_of_record
